0 info it worked if it ends with ok
1 verbose cli [ '/usr/local/bin/node',
1 verbose cli   '/usr/local/bin/npm',
1 verbose cli   'install',
1 verbose cli   '-g',
1 verbose cli   'pubstorm' ]
2 info using npm@2.15.5
3 info using node@v4.4.5
4 verbose install initial load of /usr/local/lib/package.json
5 verbose readDependencies loading dependencies from /usr/local/lib/package.json
6 silly cache add args [ 'pubstorm', null ]
7 verbose cache add spec pubstorm
8 silly cache add parsed spec Result {
8 silly cache add   raw: 'pubstorm',
8 silly cache add   scope: null,
8 silly cache add   name: 'pubstorm',
8 silly cache add   rawSpec: '',
8 silly cache add   spec: 'latest',
8 silly cache add   type: 'tag' }
9 silly addNamed pubstorm@latest
10 verbose addNamed "latest" is being treated as a dist-tag for pubstorm
11 info addNameTag [ 'pubstorm', 'latest' ]
12 silly mapToRegistry name pubstorm
13 silly mapToRegistry using default registry
14 silly mapToRegistry registry https://registry.npmjs.org/
15 silly mapToRegistry data Result {
15 silly mapToRegistry   raw: 'pubstorm',
15 silly mapToRegistry   scope: null,
15 silly mapToRegistry   name: 'pubstorm',
15 silly mapToRegistry   rawSpec: '',
15 silly mapToRegistry   spec: 'latest',
15 silly mapToRegistry   type: 'tag' }
16 silly mapToRegistry uri https://registry.npmjs.org/pubstorm
17 verbose addNameTag registry:https://registry.npmjs.org/pubstorm not in flight; fetching
18 verbose request uri https://registry.npmjs.org/pubstorm
19 verbose request no auth needed
20 info attempt registry request try #1 at 12:57:22
21 verbose request id c2ab20648d9f989c
22 verbose etag "A7UVO5YAS28ZMG9XT8A382RON"
23 http request GET https://registry.npmjs.org/pubstorm
24 http 200 https://registry.npmjs.org/pubstorm
25 verbose headers { server: 'CouchDB/1.5.0 (Erlang OTP/R16B03)',
25 verbose headers   etag: '"CXSNW7DVCGUT2F8GWHLX5WPXF"',
25 verbose headers   'content-type': 'application/json',
25 verbose headers   'content-encoding': 'gzip',
25 verbose headers   'cache-control': 'max-age=300',
25 verbose headers   'content-length': '3242',
25 verbose headers   'accept-ranges': 'bytes',
25 verbose headers   date: 'Sat, 13 Aug 2016 11:57:24 GMT',
25 verbose headers   via: '1.1 varnish',
25 verbose headers   age: '0',
25 verbose headers   connection: 'keep-alive',
25 verbose headers   'x-served-by': 'cache-fra1237-FRA',
25 verbose headers   'x-cache': 'MISS',
25 verbose headers   'x-cache-hits': '0',
25 verbose headers   'x-timer': 'S1471089443.265255,VS0,VE741',
25 verbose headers   vary: 'Accept-Encoding' }
26 silly get cb [ 200,
26 silly get   { server: 'CouchDB/1.5.0 (Erlang OTP/R16B03)',
26 silly get     etag: '"CXSNW7DVCGUT2F8GWHLX5WPXF"',
26 silly get     'content-type': 'application/json',
26 silly get     'content-encoding': 'gzip',
26 silly get     'cache-control': 'max-age=300',
26 silly get     'content-length': '3242',
26 silly get     'accept-ranges': 'bytes',
26 silly get     date: 'Sat, 13 Aug 2016 11:57:24 GMT',
26 silly get     via: '1.1 varnish',
26 silly get     age: '0',
26 silly get     connection: 'keep-alive',
26 silly get     'x-served-by': 'cache-fra1237-FRA',
26 silly get     'x-cache': 'MISS',
26 silly get     'x-cache-hits': '0',
26 silly get     'x-timer': 'S1471089443.265255,VS0,VE741',
26 silly get     vary: 'Accept-Encoding' } ]
27 verbose get saving pubstorm to /Users/migueldeluisespinosa/.npm/registry.npmjs.org/pubstorm/.cache.json
28 verbose correctMkdir /Users/migueldeluisespinosa/.npm correctMkdir not in flight; initializing
29 silly addNameTag next cb for pubstorm with tag latest
30 silly addNamed pubstorm@0.3.0
31 verbose addNamed "0.3.0" is a plain semver version for pubstorm
32 silly mapToRegistry name pubstorm
33 silly mapToRegistry using default registry
34 silly mapToRegistry registry https://registry.npmjs.org/
35 silly mapToRegistry data Result {
35 silly mapToRegistry   raw: 'pubstorm',
35 silly mapToRegistry   scope: null,
35 silly mapToRegistry   name: 'pubstorm',
35 silly mapToRegistry   rawSpec: '',
35 silly mapToRegistry   spec: 'latest',
35 silly mapToRegistry   type: 'tag' }
36 silly mapToRegistry uri https://registry.npmjs.org/pubstorm
37 verbose addRemoteTarball https://registry.npmjs.org/pubstorm/-/pubstorm-0.3.0.tgz not in flight; adding
38 verbose addRemoteTarball [ 'https://registry.npmjs.org/pubstorm/-/pubstorm-0.3.0.tgz',
38 verbose addRemoteTarball   '4b076fd858c531146418b78c60d07e13f660d7a4' ]
39 info retry fetch attempt 1 at 12:57:23
40 info attempt registry request try #1 at 12:57:23
41 http fetch GET https://registry.npmjs.org/pubstorm/-/pubstorm-0.3.0.tgz
42 http fetch 200 https://registry.npmjs.org/pubstorm/-/pubstorm-0.3.0.tgz
43 silly fetchAndShaCheck shasum 4b076fd858c531146418b78c60d07e13f660d7a4
44 verbose addTmpTarball /var/folders/q4/ly5c7k_j0x538h7j7439vwq40000gn/T/npm-39001-e3bda0f2/registry.npmjs.org/pubstorm/-/pubstorm-0.3.0.tgz not in flight; adding
45 verbose addTmpTarball already have metadata; skipping unpack for pubstorm@0.3.0
46 verbose correctMkdir /Users/migueldeluisespinosa/.npm correctMkdir not in flight; initializing
47 silly cache afterAdd pubstorm@0.3.0
48 verbose afterAdd /Users/migueldeluisespinosa/.npm/pubstorm/0.3.0/package/package.json not in flight; writing
49 verbose correctMkdir /Users/migueldeluisespinosa/.npm correctMkdir not in flight; initializing
50 verbose afterAdd /Users/migueldeluisespinosa/.npm/pubstorm/0.3.0/package/package.json written
51 silly install resolved [ { name: 'pubstorm',
51 silly install resolved     version: '0.3.0',
51 silly install resolved     description: 'PubStorm, the easiest way to publish your HTML5 websites and apps.',
51 silly install resolved     bin: { storm: 'bin/storm.js' },
51 silly install resolved     scripts: {},
51 silly install resolved     repository:
51 silly install resolved      { type: 'git',
51 silly install resolved        url: 'git+https://github.com/nitrous-io/pubstorm-cli.git' },
51 silly install resolved     keywords:
51 silly install resolved      [ 'html5',
51 silly install resolved        'publishing',
51 silly install resolved        'hosting',
51 silly install resolved        'web',
51 silly install resolved        'webapp',
51 silly install resolved        'website',
51 silly install resolved        'development',
51 silly install resolved        'cdn' ],
51 silly install resolved     author: { name: 'PubStorm' },
51 silly install resolved     license: 'SEE LICENSE IN LICENSE',
51 silly install resolved     bugs: { url: 'https://github.com/nitrous-io/pubstorm-cli/issues' },
51 silly install resolved     homepage: 'https://www.pubstorm.com/',
51 silly install resolved     gitHead: '85321602ca79c4c748d0314819e6f94b2de2a66d',
51 silly install resolved     _id: 'pubstorm@0.3.0',
51 silly install resolved     _shasum: '4b076fd858c531146418b78c60d07e13f660d7a4',
51 silly install resolved     _from: 'pubstorm@latest',
51 silly install resolved     _npmVersion: '3.10.3',
51 silly install resolved     _nodeVersion: '6.3.0',
51 silly install resolved     _npmUser: { name: 'pubstorm', email: 'eng@pubstorm.com' },
51 silly install resolved     dist:
51 silly install resolved      { shasum: '4b076fd858c531146418b78c60d07e13f660d7a4',
51 silly install resolved        tarball: 'https://registry.npmjs.org/pubstorm/-/pubstorm-0.3.0.tgz' },
51 silly install resolved     maintainers: [ [Object], [Object] ],
51 silly install resolved     _npmOperationalInternal:
51 silly install resolved      { host: 'packages-12-west.internal.npmjs.com',
51 silly install resolved        tmp: 'tmp/pubstorm-0.3.0.tgz_1469171741798_0.9155593155883253' },
51 silly install resolved     directories: {},
51 silly install resolved     _resolved: 'https://registry.npmjs.org/pubstorm/-/pubstorm-0.3.0.tgz' } ]
52 info install pubstorm@0.3.0 into /usr/local/lib
53 info installOne pubstorm@0.3.0
54 verbose installOne of pubstorm to /usr/local/lib not in flight; installing
55 verbose correctMkdir /Users/migueldeluisespinosa/.npm/_locks correctMkdir not in flight; initializing
56 verbose lock using /Users/migueldeluisespinosa/.npm/_locks/pubstorm-ce10b2c276460d87.lock for /usr/local/lib/node_modules/pubstorm
57 silly install write writing pubstorm 0.3.0 to /usr/local/lib/node_modules/pubstorm
58 verbose unbuild lib/node_modules/pubstorm
59 info preuninstall pubstorm@0.1.2
60 info uninstall pubstorm@0.1.2
61 verbose unbuild rmStuff pubstorm@0.1.2 from /usr/local/lib/node_modules
62 silly gentlyRm /usr/local/bin/storm is being gently removed
63 silly gentlyRm verifying /usr/local is an npm working directory
64 silly gentlyRm containing path /usr/local is under npm's control, in /usr/local
65 silly gentlyRm deletion target /usr/local/bin/storm is under /usr/local
66 verbose gentlyRm vacuuming from /usr/local/bin/storm up to /usr/local
67 info postuninstall pubstorm@0.1.2
68 silly gentlyRm /usr/local/lib/node_modules/pubstorm is being purged from base /usr/local
69 verbose gentlyRm don't care about contents; nuking /usr/local/lib/node_modules/pubstorm
70 silly vacuum-fs purging /usr/local/lib/node_modules/pubstorm
71 verbose unlock done using /Users/migueldeluisespinosa/.npm/_locks/pubstorm-ce10b2c276460d87.lock for /usr/local/lib/node_modules/pubstorm
72 verbose stack Error: EACCES: permission denied, rmdir '/usr/local/lib/node_modules/pubstorm'
72 verbose stack     at Error (native)
73 verbose cwd /Users/migueldeluisespinosa/pubstorm
74 error Darwin 13.4.0
75 error argv "/usr/local/bin/node" "/usr/local/bin/npm" "install" "-g" "pubstorm"
76 error node v4.4.5
77 error npm  v2.15.5
78 error path /usr/local/lib/node_modules/pubstorm
79 error code EACCES
80 error errno -13
81 error syscall rmdir
82 error Error: EACCES: permission denied, rmdir '/usr/local/lib/node_modules/pubstorm'
82 error     at Error (native)
82 error  { [Error: EACCES: permission denied, rmdir '/usr/local/lib/node_modules/pubstorm']
82 error   errno: -13,
82 error   code: 'EACCES',
82 error   syscall: 'rmdir',
82 error   path: '/usr/local/lib/node_modules/pubstorm' }
83 error Please try running this command again as root/Administrator.
84 verbose exit [ -13, true ]
85 verbose unbuild lib/node_modules/pubstorm
86 info preuninstall pubstorm@0.1.2
87 info uninstall pubstorm@0.1.2
88 verbose unbuild rmStuff pubstorm@0.1.2 from /usr/local/lib/node_modules
89 silly gentlyRm /usr/local/bin/storm is being gently removed
90 silly gentlyRm verifying /usr/local is an npm working directory
91 silly gentlyRm containing path /usr/local is under npm's control, in /usr/local
92 silly gentlyRm deletion target /usr/local/bin/storm is under /usr/local
93 verbose gentlyRm vacuuming from /usr/local/bin/storm up to /usr/local
94 info postuninstall pubstorm@0.1.2
95 silly gentlyRm /usr/local/lib/node_modules/pubstorm is being purged from base /usr/local
96 verbose gentlyRm don't care about contents; nuking /usr/local/lib/node_modules/pubstorm
97 silly vacuum-fs purging /usr/local/lib/node_modules/pubstorm
98 error error rolling back Error: EACCES: permission denied, rmdir '/usr/local/lib/node_modules/pubstorm'
98 error error rolling back     at Error (native)
98 error error rolling back  { [Error: EACCES: permission denied, rmdir '/usr/local/lib/node_modules/pubstorm']
98 error error rolling back   errno: -13,
98 error error rolling back   code: 'EACCES',
98 error error rolling back   syscall: 'rmdir',
98 error error rolling back   path: '/usr/local/lib/node_modules/pubstorm' }
